  main.cpp
c:\users\jonathan\desktop\3 carrera\proyectos c++\grafosdimacs\grafosdimacs\main.cpp(5): fatal error C1083: Cannot open include file: 'utils.h': No such file or directory
  utilscpp.cpp
c:\users\jonathan\desktop\3 carrera\proyectos c++\grafosdimacs\grafosdimacs\utilscpp.h(8): error C3646: 'm': unknown override specifier
c:\users\jonathan\desktop\3 carrera\proyectos c++\grafosdimacs\grafosdimacs\utilscpp.h(8): error C4430: missing type specifier - int assumed. Note: C++ does not support default-int
c:\users\jonathan\desktop\3 carrera\proyectos c++\grafosdimacs\grafosdimacs\utilscpp.cpp(60): error C2039: 'm': is not a member of 'graph_t'
  c:\users\jonathan\desktop\3 carrera\proyectos c++\grafosdimacs\grafosdimacs\utilscpp.h(12): note: see declaration of 'graph_t'
c:\users\jonathan\desktop\3 carrera\proyectos c++\grafosdimacs\grafosdimacs\utilscpp.cpp(60): error C3861: 'allocate_matrix': identifier not found
c:\users\jonathan\desktop\3 carrera\proyectos c++\grafosdimacs\grafosdimacs\utilscpp.cpp(67): error C2039: 'm': is not a member of 'graph_t'
  c:\users\jonathan\desktop\3 carrera\proyectos c++\grafosdimacs\grafosdimacs\utilscpp.h(12): note: see declaration of 'graph_t'
c:\users\jonathan\desktop\3 carrera\proyectos c++\grafosdimacs\grafosdimacs\utilscpp.cpp(67): error C3861: 'free_matrix': identifier not found
c:\users\jonathan\desktop\3 carrera\proyectos c++\grafosdimacs\grafosdimacs\utilscpp.cpp(80): error C2039: 'm': is not a member of 'graph_t'
  c:\users\jonathan\desktop\3 carrera\proyectos c++\grafosdimacs\grafosdimacs\utilscpp.h(12): note: see declaration of 'graph_t'
c:\users\jonathan\desktop\3 carrera\proyectos c++\grafosdimacs\grafosdimacs\utilscpp.cpp(90): error C2039: 'm': is not a member of 'graph_t'
  c:\users\jonathan\desktop\3 carrera\proyectos c++\grafosdimacs\grafosdimacs\utilscpp.h(12): note: see declaration of 'graph_t'
c:\users\jonathan\desktop\3 carrera\proyectos c++\grafosdimacs\grafosdimacs\utilscpp.cpp(91): error C2039: 'm': is not a member of 'graph_t'
  c:\users\jonathan\desktop\3 carrera\proyectos c++\grafosdimacs\grafosdimacs\utilscpp.h(12): note: see declaration of 'graph_t'
c:\users\jonathan\desktop\3 carrera\proyectos c++\grafosdimacs\grafosdimacs\utilscpp.cpp(98): error C2039: 'm': is not a member of 'graph_t'
  c:\users\jonathan\desktop\3 carrera\proyectos c++\grafosdimacs\grafosdimacs\utilscpp.h(12): note: see declaration of 'graph_t'
c:\users\jonathan\desktop\3 carrera\proyectos c++\grafosdimacs\grafosdimacs\utilscpp.cpp(105): error C2039: 'm': is not a member of 'graph_t'
  c:\users\jonathan\desktop\3 carrera\proyectos c++\grafosdimacs\grafosdimacs\utilscpp.h(12): note: see declaration of 'graph_t'
c:\users\jonathan\desktop\3 carrera\proyectos c++\grafosdimacs\grafosdimacs\utilscpp.cpp(160): error C4996: 'fopen': This function or variable may be unsafe. Consider using fopen_s instead. To disable deprecation, use _CRT_SECURE_NO_WARNINGS. See online help for details.
  c:\program files (x86)\windows kits\10\include\10.0.17763.0\ucrt\stdio.h(208): note: see declaration of 'fopen'
c:\users\jonathan\desktop\3 carrera\proyectos c++\grafosdimacs\grafosdimacs\utilscpp.cpp(190): error C4996: 'sscanf': This function or variable may be unsafe. Consider using sscanf_s instead. To disable deprecation, use _CRT_SECURE_NO_WARNINGS. See online help for details.
  c:\program files (x86)\windows kits\10\include\10.0.17763.0\ucrt\stdio.h(2263): note: see declaration of 'sscanf'
c:\users\jonathan\desktop\3 carrera\proyectos c++\grafosdimacs\grafosdimacs\utilscpp.cpp(202): error C4996: 'fscanf': This function or variable may be unsafe. Consider using fscanf_s instead. To disable deprecation, use _CRT_SECURE_NO_WARNINGS. See online help for details.
  c:\program files (x86)\windows kits\10\include\10.0.17763.0\ucrt\stdio.h(1197): note: see declaration of 'fscanf'
  Generating Code...
